# JRE version: Java(TM) SE Runtime Environment 18.9 (11.0.15+8) (build 11.0.15+8-LTS-149)
# Java VM: Java HotSpot(TM) 64-Bit Server VM 18.9 (11.0.15+8-LTS-149, mixed mode, tiered, compressed oops, g1 gc, windows-amd64)
Heap:
 garbage-first heap   total 315392K, used 176321K [0x0000000701a00000, 0x0000000800000000)
  region size 1024K, 163 young (166912K), 13 survivors (13312K)
 Metaspace       used 76564K, capacity 78582K, committed 78668K, reserved 1118208K
  class space    used 9947K, capacity 10742K, committed 10828K, reserved 1048576K
GC Heap History (10 events):
Event: 3.562 GC heap before
{Heap before GC invocations=5 (full 0):
 garbage-first heap   total 262144K, used 54951K [0x0000000701a00000, 0x0000000800000000)
  region size 1024K, 47 young (48128K), 3 survivors (3072K)
 Metaspace       used 25699K, capacity 26340K, committed 26624K, reserved 1073152K
  class space    used 2999K, capacity 3265K, committed 3328K, reserved 1048576K
}
Event: 3.574 GC heap after
{Heap after GC invocations=6 (full 0):
 garbage-first heap   total 262144K, used 11710K [0x0000000701a00000, 0x0000000800000000)
  region size 1024K, 5 young (5120K), 5 survivors (5120K)
 Metaspace       used 25699K, capacity 26340K, committed 26624K, reserved 1073152K
  class space    used 2999K, capacity 3265K, committed 3328K, reserved 1048576K
}
Event: 4.612 GC heap before
{Heap before GC invocations=6 (full 0):
 garbage-first heap   total 262144K, used 81342K [0x0000000701a00000, 0x0000000800000000)
  region size 1024K, 73 young (74752K), 5 survivors (5120K)
 Metaspace       used 31698K, capacity 32501K, committed 32768K, reserved 1077248K
  class space    used 3743K, capacity 4058K, committed 4096K, reserved 1048576K
}
Event: 4.621 GC heap after
{Heap after GC invocations=7 (full 0):
 garbage-first heap   total 262144K, used 13534K [0x0000000701a00000, 0x0000000800000000)
  region size 1024K, 7 young (7168K), 7 survivors (7168K)
 Metaspace       used 31698K, capacity 32501K, committed 32768K, reserved 1077248K
  class space    used 3743K, capacity 4058K, committed 4096K, reserved 1048576K
}
Event: 5.317 GC heap before
{Heap before GC invocations=7 (full 0):
 garbage-first heap   total 262144K, used 43230K [0x0000000701a00000, 0x0000000800000000)
  region size 1024K, 37 young (37888K), 7 survivors (7168K)
 Metaspace       used 34840K, capacity 35775K, committed 35840K, reserved 1081344K
  class space    used 4165K, capacity 4543K, committed 4608K, reserved 1048576K
}
Event: 5.328 GC heap after
{Heap after GC invocations=8 (full 0):
 garbage-first heap   total 262144K, used 15017K [0x0000000701a00000, 0x0000000800000000)
  region size 1024K, 8 young (8192K), 8 survivors (8192K)
 Metaspace       used 34840K, capacity 35775K, committed 35840K, reserved 1081344K
  class space    used 4165K, capacity 4543K, committed 4608K, reserved 1048576K
}
Event: 8.941 GC heap before
{Heap before GC invocations=9 (full 0):
 garbage-first heap   total 262144K, used 157353K [0x0000000701a00000, 0x0000000800000000)
  region size 1024K, 147 young (150528K), 8 survivors (8192K)
 Metaspace       used 55849K, capacity 57300K, committed 57472K, reserved 1099776K
  class space    used 7125K, capacity 7704K, committed 7808K, reserved 1048576K
}
Event: 8.966 GC heap after
{Heap after GC invocations=10 (full 0):
 garbage-first heap   total 315392K, used 22715K [0x0000000701a00000, 0x0000000800000000)
  region size 1024K, 16 young (16384K), 16 survivors (16384K)
 Metaspace       used 55849K, capacity 57300K, committed 57472K, reserved 1099776K
  class space    used 7125K, capacity 7704K, committed 7808K, reserved 1048576K
}
Event: 9.392 GC heap before
{Heap before GC invocations=10 (full 0):
 garbage-first heap   total 315392K, used 41147K [0x0000000701a00000, 0x0000000800000000)
  region size 1024K, 35 young (35840K), 16 survivors (16384K)
 Metaspace       used 58750K, capacity 60141K, committed 60160K, reserved 1101824K
  class space    used 7592K, capacity 8177K, committed 8192K, reserved 1048576K
}
Event: 9.422 GC heap after
{Heap after GC invocations=11 (full 0):
 garbage-first heap   total 315392K, used 23745K [0x0000000701a00000, 0x0000000800000000)
  region size 1024K, 13 young (13312K), 13 survivors (13312K)
 Metaspace       used 58750K, capacity 60141K, committed 60160K, reserved 1101824K
  class space    used 7592K, capacity 8177K, committed 8192K, reserved 1048576K
}

